
<dict>
	cocos2d.x.version: quick-cocos2d-x 2.2.5
	cocos2d.x.compiled_with_profiler: false
	cocos2d.x.compiled_with_gl_state_cache: true
	gl.vendor: NVIDIA Corporation
	gl.renderer: GeForce GTX 650/PCIe/SSE2
	gl.version: 4.3.0
	gl.max_texture_size: 16384
	gl.max_texture_units: 192
	gl.supports_PVRTC: false
	gl.supports_NPOT: true
	gl.supports_BGRA8888: false
	gl.supports_discard_framebuffer: false
	gl.supports_vertex_array_object: true
</dict>
lua_loadChunksFromZIP() - load zip file: D:\codeTools\quick-cocos2d-x-2.2.5\lib\framework_precompiled\framework_precompiled.zip
lua_loadChunksFromZIP() - loaded chunks count: 108
------------------------------------------------
LOAD LUA FILE: C:/Users/hushencheng/Desktop/chatOfSkynet/quickCocos2dClient/scripts/main.lua
------------------------------------------------
[0.3843] [INFO] 
[0.3847] [INFO] # DEBUG                        = 1
[0.3852] [INFO] #
[0.3858] [INFO] # device.platform              = windows
[0.3864] [INFO] # device.model                 = unknown
[0.3867] [INFO] # device.language              = cn
[0.3873] [INFO] # device.writablePath          = C:\Users\hushencheng\Desktop\chatOfSkynet\quickCocos2dClient\
[0.3882] [INFO] # device.cachePath             = C:\Users\hushencheng\Desktop\chatOfSkynet\quickCocos2dClient\
[0.3890] [INFO] # device.directorySeparator    = \
[0.3893] [INFO] # device.pathSeparator         = ;
[0.3897] [INFO] #
[0.3916] [INFO] # CONFIG_SCREEN_AUTOSCALE      = FIXED_WIDTH
[0.3920] [INFO] # CONFIG_SCREEN_WIDTH          = 480.00
[0.3925] [INFO] # CONFIG_SCREEN_HEIGHT         = 320.00
[0.3931] [INFO] # display.widthInPixels        = 960.00
[0.3935] [INFO] # display.heightInPixels       = 640.00
[0.3939] [INFO] # display.contentScaleFactor   = 2.00
[0.3943] [INFO] # display.width                = 480.00
[0.3947] [INFO] # display.height               = 320.00
[0.3952] [INFO] # display.cx                   = 240.00
[0.3956] [INFO] # display.cy                   = 160.00
[0.3967] [INFO] # display.left                 = 0.00
[0.3973] [INFO] # display.right                = 480.00
[0.3977] [INFO] # display.top                  = 320.00
[0.3982] [INFO] # display.bottom               = 0.00
[0.3987] [INFO] # display.c_left               = -240.00
[0.3991] [INFO] # display.c_right              = 240.00
[0.3997] [INFO] # display.c_top                = 160.00
[0.4001] [INFO] # display.c_bottom             = -160.00
[0.4004] [INFO] #
[0.5409] [INFO] socket status: SOCKET_TCP_CONNECTED
[6.4240] self.nameEditBox:getText()  343434343
[6.4663] socket receive raw data:  19  1  1008  28  343434343
